<?xml version="1.0" encoding="UTF-8"?>
<testng-results skipped="0" failed="2" ignored="0" total="10" passed="8">
  <reporter-output>
  </reporter-output>
  <suite name="Smoke test" duration-ms="80898" started-at="2019-09-19T12:23:04Z" finished-at="2019-09-19T12:24:25Z">
    <groups>
    </groups>
    <test name="Make Reservation" duration-ms="80898" started-at="2019-09-19T12:23:04Z" finished-at="2019-09-19T12:24:25Z">
      <class name="smoke.MakeReservation">
        <test-method status="PASS" signature="setUp(java.lang.String, java.lang.String)[pri:0, instance:smoke.MakeReservation@5ebec15]" name="setUp" is-config="true" duration-ms="33682" started-at="2019-09-19T14:23:04Z" finished-at="2019-09-19T14:23:37Z">
          <params>
            <param index="0">
              <value>
                <![CDATA[firefox]]>
              </value>
            </param>
            <param index="1">
              <value>
                <![CDATA[https://abh-restaurants-dev-days.herokuapp.com]]>
              </value>
            </param>
          </params>
          <reporter-output>
          </reporter-output>
        </test-method> <!-- setUp -->
        <test-method status="PASS" signature="openRestaurantsHomePage()[pri:0, instance:smoke.MakeReservation@5ebec15]" name="openRestaurantsHomePage" duration-ms="926" started-at="2019-09-19T14:23:37Z" finished-at="2019-09-19T14:23:38Z">
          <reporter-output>
          </reporter-output>
        </test-method> <!-- openRestaurantsHomePage -->
        <test-method status="PASS" signature="openRegistrationPage()[pri:1, instance:smoke.MakeReservation@5ebec15]" name="openRegistrationPage" duration-ms="297" started-at="2019-09-19T14:23:38Z" finished-at="2019-09-19T14:23:39Z">
          <reporter-output>
          </reporter-output>
        </test-method> <!-- openRegistrationPage -->
        <test-method status="PASS" signature="populateRegistrationForm()[pri:2, instance:smoke.MakeReservation@5ebec15]" name="populateRegistrationForm" duration-ms="540" started-at="2019-09-19T14:23:39Z" finished-at="2019-09-19T14:23:39Z">
          <reporter-output>
          </reporter-output>
        </test-method> <!-- populateRegistrationForm -->
        <test-method status="PASS" signature="checkUserIsRegistered()[pri:3, instance:smoke.MakeReservation@5ebec15]" name="checkUserIsRegistered" duration-ms="2568" started-at="2019-09-19T14:23:39Z" finished-at="2019-09-19T14:23:42Z">
          <reporter-output>
          </reporter-output>
        </test-method> <!-- checkUserIsRegistered -->
        <test-method status="PASS" signature="openUserDetails()[pri:4, instance:smoke.MakeReservation@5ebec15]" name="openUserDetails" duration-ms="271" started-at="2019-09-19T14:23:42Z" finished-at="2019-09-19T14:23:42Z">
          <reporter-output>
          </reporter-output>
        </test-method> <!-- openUserDetails -->
        <test-method status="PASS" signature="logOut()[pri:5, instance:smoke.MakeReservation@5ebec15]" name="logOut" duration-ms="689" started-at="2019-09-19T14:23:42Z" finished-at="2019-09-19T14:23:43Z">
          <reporter-output>
          </reporter-output>
        </test-method> <!-- logOut -->
        <test-method status="PASS" signature="openHomePage()[pri:6, instance:smoke.MakeReservation@5ebec15]" name="openHomePage" duration-ms="634" started-at="2019-09-19T14:23:43Z" finished-at="2019-09-19T14:23:43Z">
          <reporter-output>
          </reporter-output>
        </test-method> <!-- openHomePage -->
        <test-method status="FAIL" signature="loginToRestaurantsPage()[pri:7, instance:smoke.MakeReservation@5ebec15]" name="loginToRestaurantsPage" duration-ms="20143" started-at="2019-09-19T14:23:43Z" finished-at="2019-09-19T14:24:03Z">
          <exception class="org.openqa.selenium.NoSuchElementException">
            <message>
              <![CDATA[Unable to locate element: div[class='row'] input[id='passwrd']
For documentation on this error, please visit: http://seleniumhq.org/exceptions/no_such_element.html
Build info: version: '3.5.3', revision: 'a88d25fe6b', time: '2017-08-29T12:42:44.417Z'
System info: host: 'MacBook-Pro-4.local', ip: 'fe80:0:0:0:1c31:af40:1916:98fe%en0', os.name: 'Mac OS X', os.arch: 'x86_64', os.version: '10.14.6', java.version: '1.8.0_221'
Driver info: org.openqa.selenium.firefox.FirefoxDriver
Capabilities [{moz:profile=/var/folders/p1/vjsh9h7s04qc3rw_5fmktxd80000gp/T/rust_mozprofile.quxI8xz8lBQa, rotatable=false, moz:geckodriverVersion=0.24.0, timeouts={implicit=0, pageLoad=300000, script=30000}, pageLoadStrategy=normal, unhandledPromptBehavior=dismiss and notify, strictFileInteractability=false, moz:headless=false, platform=MAC, moz:accessibilityChecks=false, moz:useNonSpecCompliantPointerOrigin=false, acceptInsecureCerts=true, browserVersion=66.0.2, moz:shutdownTimeout=60000, platformVersion=18.7.0, moz:processID=35868, browserName=firefox, javascriptEnabled=true, platformName=MAC, setWindowRect=true, moz:webdriverClick=true}]
Session ID: 520a0056-71b8-1448-b308-8a9f9f10e65b
*** Element info: {Using=css selector, value=div[class='row'] input[id='passwrd']}]]>
            </message>
            <full-stacktrace>
              <![CDATA[org.openqa.selenium.NoSuchElementException: Unable to locate element: div[class='row'] input[id='passwrd']
For documentation on this error, please visit: http://seleniumhq.org/exceptions/no_such_element.html
Build info: version: '3.5.3', revision: 'a88d25fe6b', time: '2017-08-29T12:42:44.417Z'
System info: host: 'MacBook-Pro-4.local', ip: 'fe80:0:0:0:1c31:af40:1916:98fe%en0', os.name: 'Mac OS X', os.arch: 'x86_64', os.version: '10.14.6', java.version: '1.8.0_221'
Driver info: org.openqa.selenium.firefox.FirefoxDriver
Capabilities [{moz:profile=/var/folders/p1/vjsh9h7s04qc3rw_5fmktxd80000gp/T/rust_mozprofile.quxI8xz8lBQa, rotatable=false, moz:geckodriverVersion=0.24.0, timeouts={implicit=0, pageLoad=300000, script=30000}, pageLoadStrategy=normal, unhandledPromptBehavior=dismiss and notify, strictFileInteractability=false, moz:headless=false, platform=MAC, moz:accessibilityChecks=false, moz:useNonSpecCompliantPointerOrigin=false, acceptInsecureCerts=true, browserVersion=66.0.2, moz:shutdownTimeout=60000, platformVersion=18.7.0, moz:processID=35868, browserName=firefox, javascriptEnabled=true, platformName=MAC, setWindowRect=true, moz:webdriverClick=true}]
Session ID: 520a0056-71b8-1448-b308-8a9f9f10e65b
*** Element info: {Using=css selector, value=div[class='row'] input[id='passwrd']}
	at sun.reflect.NativeConstructorAccessorImpl.newInstance0(Native Method)
	at sun.reflect.NativeConstructorAccessorImpl.newInstance(NativeConstructorAccessorImpl.java:62)
	at sun.reflect.DelegatingConstructorAccessorImpl.newInstance(DelegatingConstructorAccessorImpl.java:45)
	at java.lang.reflect.Constructor.newInstance(Constructor.java:423)
	at org.openqa.selenium.remote.http.W3CHttpResponseCodec.createException(W3CHttpResponseCodec.java:185)
	at org.openqa.selenium.remote.http.W3CHttpResponseCodec.decode(W3CHttpResponseCodec.java:120)
	at org.openqa.selenium.remote.http.W3CHttpResponseCodec.decode(W3CHttpResponseCodec.java:49)
	at org.openqa.selenium.remote.HttpCommandExecutor.execute(HttpCommandExecutor.java:164)
	at org.openqa.selenium.remote.service.DriverCommandExecutor.execute(DriverCommandExecutor.java:82)
	at org.openqa.selenium.remote.RemoteWebDriver.execute(RemoteWebDriver.java:646)
	at org.openqa.selenium.remote.RemoteWebDriver.findElement(RemoteWebDriver.java:416)
	at org.openqa.selenium.remote.RemoteWebDriver.findElementByCssSelector(RemoteWebDriver.java:510)
	at org.openqa.selenium.By$ByCssSelector.findElement(By.java:430)
	at org.openqa.selenium.remote.RemoteWebDriver.findElement(RemoteWebDriver.java:408)
	at org.openqa.selenium.support.pagefactory.DefaultElementLocator.findElement(DefaultElementLocator.java:69)
	at org.openqa.selenium.support.pagefactory.internal.LocatingElementHandler.invoke(LocatingElementHandler.java:38)
	at com.sun.proxy.$Proxy9.sendKeys(Unknown Source)
	at page_objects.abh_restaurant.LoginPage.loginToRestaurants(LoginPage.java:55)
	at smoke.MakeReservation.loginToRestaurantsPage(MakeReservation.java:71)
	at sun.reflect.NativeMethodAccessorImpl.invoke0(Native Method)
	at sun.reflect.NativeMethodAccessorImpl.invoke(NativeMethodAccessorImpl.java:62)
	at sun.reflect.DelegatingMethodAccessorImpl.invoke(DelegatingMethodAccessorImpl.java:43)
	at java.lang.reflect.Method.invoke(Method.java:498)
	at org.testng.internal.MethodInvocationHelper.invokeMethod(MethodInvocationHelper.java:108)
	at org.testng.internal.Invoker.invokeMethod(Invoker.java:661)
	at org.testng.internal.Invoker.invokeTestMethod(Invoker.java:869)
	at org.testng.internal.Invoker.invokeTestMethods(Invoker.java:1193)
	at org.testng.internal.TestMethodWorker.invokeTestMethods(TestMethodWorker.java:126)
	at org.testng.internal.TestMethodWorker.run(TestMethodWorker.java:109)
	at org.testng.TestRunner.privateRun(TestRunner.java:744)
	at org.testng.TestRunner.run(TestRunner.java:602)
	at org.testng.SuiteRunner.runTest(SuiteRunner.java:380)
	at org.testng.SuiteRunner.runSequentially(SuiteRunner.java:375)
	at org.testng.SuiteRunner.privateRun(SuiteRunner.java:340)
	at org.testng.SuiteRunner.run(SuiteRunner.java:289)
	at org.testng.SuiteRunnerWorker.runSuite(SuiteRunnerWorker.java:52)
	at org.testng.SuiteRunnerWorker.run(SuiteRunnerWorker.java:86)
	at org.testng.TestNG.runSuitesSequentially(TestNG.java:1301)
	at org.testng.TestNG.runSuitesLocally(TestNG.java:1226)
	at org.testng.TestNG.runSuites(TestNG.java:1144)
	at org.testng.TestNG.run(TestNG.java:1115)
	at org.apache.maven.surefire.testng.TestNGExecutor.run(TestNGExecutor.java:281)
	at org.apache.maven.surefire.testng.TestNGXmlTestSuite.execute(TestNGXmlTestSuite.java:75)
	at org.apache.maven.surefire.testng.TestNGProvider.invoke(TestNGProvider.java:121)
	at org.apache.maven.surefire.booter.ForkedBooter.invokeProviderInSameClassLoader(ForkedBooter.java:290)
	at org.apache.maven.surefire.booter.ForkedBooter.runSuitesInProcess(ForkedBooter.java:242)
	at org.apache.maven.surefire.booter.ForkedBooter.main(ForkedBooter.java:121)
]]>
            </full-stacktrace>
          </exception> <!-- org.openqa.selenium.NoSuchElementException -->
          <reporter-output>
          </reporter-output>
        </test-method> <!-- loginToRestaurantsPage -->
        <test-method status="FAIL" signature="checkUserLoginIsSuccessful()[pri:8, instance:smoke.MakeReservation@5ebec15]" name="checkUserLoginIsSuccessful" duration-ms="20018" started-at="2019-09-19T14:24:03Z" finished-at="2019-09-19T14:24:23Z">
          <exception class="org.openqa.selenium.NoSuchElementException">
            <message>
              <![CDATA[Unable to locate element: #main > div > div > h1
For documentation on this error, please visit: http://seleniumhq.org/exceptions/no_such_element.html
Build info: version: '3.5.3', revision: 'a88d25fe6b', time: '2017-08-29T12:42:44.417Z'
System info: host: 'MacBook-Pro-4.local', ip: 'fe80:0:0:0:1c31:af40:1916:98fe%en0', os.name: 'Mac OS X', os.arch: 'x86_64', os.version: '10.14.6', java.version: '1.8.0_221'
Driver info: org.openqa.selenium.firefox.FirefoxDriver
Capabilities [{moz:profile=/var/folders/p1/vjsh9h7s04qc3rw_5fmktxd80000gp/T/rust_mozprofile.quxI8xz8lBQa, rotatable=false, moz:geckodriverVersion=0.24.0, timeouts={implicit=0, pageLoad=300000, script=30000}, pageLoadStrategy=normal, unhandledPromptBehavior=dismiss and notify, strictFileInteractability=false, moz:headless=false, platform=MAC, moz:accessibilityChecks=false, moz:useNonSpecCompliantPointerOrigin=false, acceptInsecureCerts=true, browserVersion=66.0.2, moz:shutdownTimeout=60000, platformVersion=18.7.0, moz:processID=35868, browserName=firefox, javascriptEnabled=true, platformName=MAC, setWindowRect=true, moz:webdriverClick=true}]
Session ID: 520a0056-71b8-1448-b308-8a9f9f10e65b
*** Element info: {Using=css selector, value=#main > div > div > h1}]]>
            </message>
            <full-stacktrace>
              <![CDATA[org.openqa.selenium.NoSuchElementException: Unable to locate element: #main > div > div > h1
For documentation on this error, please visit: http://seleniumhq.org/exceptions/no_such_element.html
Build info: version: '3.5.3', revision: 'a88d25fe6b', time: '2017-08-29T12:42:44.417Z'
System info: host: 'MacBook-Pro-4.local', ip: 'fe80:0:0:0:1c31:af40:1916:98fe%en0', os.name: 'Mac OS X', os.arch: 'x86_64', os.version: '10.14.6', java.version: '1.8.0_221'
Driver info: org.openqa.selenium.firefox.FirefoxDriver
Capabilities [{moz:profile=/var/folders/p1/vjsh9h7s04qc3rw_5fmktxd80000gp/T/rust_mozprofile.quxI8xz8lBQa, rotatable=false, moz:geckodriverVersion=0.24.0, timeouts={implicit=0, pageLoad=300000, script=30000}, pageLoadStrategy=normal, unhandledPromptBehavior=dismiss and notify, strictFileInteractability=false, moz:headless=false, platform=MAC, moz:accessibilityChecks=false, moz:useNonSpecCompliantPointerOrigin=false, acceptInsecureCerts=true, browserVersion=66.0.2, moz:shutdownTimeout=60000, platformVersion=18.7.0, moz:processID=35868, browserName=firefox, javascriptEnabled=true, platformName=MAC, setWindowRect=true, moz:webdriverClick=true}]
Session ID: 520a0056-71b8-1448-b308-8a9f9f10e65b
*** Element info: {Using=css selector, value=#main > div > div > h1}
	at sun.reflect.NativeConstructorAccessorImpl.newInstance0(Native Method)
	at sun.reflect.NativeConstructorAccessorImpl.newInstance(NativeConstructorAccessorImpl.java:62)
	at sun.reflect.DelegatingConstructorAccessorImpl.newInstance(DelegatingConstructorAccessorImpl.java:45)
	at java.lang.reflect.Constructor.newInstance(Constructor.java:423)
	at org.openqa.selenium.remote.http.W3CHttpResponseCodec.createException(W3CHttpResponseCodec.java:185)
	at org.openqa.selenium.remote.http.W3CHttpResponseCodec.decode(W3CHttpResponseCodec.java:120)
	at org.openqa.selenium.remote.http.W3CHttpResponseCodec.decode(W3CHttpResponseCodec.java:49)
	at org.openqa.selenium.remote.HttpCommandExecutor.execute(HttpCommandExecutor.java:164)
	at org.openqa.selenium.remote.service.DriverCommandExecutor.execute(DriverCommandExecutor.java:82)
	at org.openqa.selenium.remote.RemoteWebDriver.execute(RemoteWebDriver.java:646)
	at org.openqa.selenium.remote.RemoteWebDriver.findElement(RemoteWebDriver.java:416)
	at org.openqa.selenium.remote.RemoteWebDriver.findElementByCssSelector(RemoteWebDriver.java:510)
	at org.openqa.selenium.By$ByCssSelector.findElement(By.java:430)
	at org.openqa.selenium.remote.RemoteWebDriver.findElement(RemoteWebDriver.java:408)
	at org.openqa.selenium.support.pagefactory.DefaultElementLocator.findElement(DefaultElementLocator.java:69)
	at org.openqa.selenium.support.pagefactory.internal.LocatingElementHandler.invoke(LocatingElementHandler.java:38)
	at com.sun.proxy.$Proxy9.getText(Unknown Source)
	at page_objects.abh_restaurant.HomePage.checkMainText(HomePage.java:54)
	at smoke.MakeReservation.checkUserLoginIsSuccessful(MakeReservation.java:76)
	at sun.reflect.NativeMethodAccessorImpl.invoke0(Native Method)
	at sun.reflect.NativeMethodAccessorImpl.invoke(NativeMethodAccessorImpl.java:62)
	at sun.reflect.DelegatingMethodAccessorImpl.invoke(DelegatingMethodAccessorImpl.java:43)
	at java.lang.reflect.Method.invoke(Method.java:498)
	at org.testng.internal.MethodInvocationHelper.invokeMethod(MethodInvocationHelper.java:108)
	at org.testng.internal.Invoker.invokeMethod(Invoker.java:661)
	at org.testng.internal.Invoker.invokeTestMethod(Invoker.java:869)
	at org.testng.internal.Invoker.invokeTestMethods(Invoker.java:1193)
	at org.testng.internal.TestMethodWorker.invokeTestMethods(TestMethodWorker.java:126)
	at org.testng.internal.TestMethodWorker.run(TestMethodWorker.java:109)
	at org.testng.TestRunner.privateRun(TestRunner.java:744)
	at org.testng.TestRunner.run(TestRunner.java:602)
	at org.testng.SuiteRunner.runTest(SuiteRunner.java:380)
	at org.testng.SuiteRunner.runSequentially(SuiteRunner.java:375)
	at org.testng.SuiteRunner.privateRun(SuiteRunner.java:340)
	at org.testng.SuiteRunner.run(SuiteRunner.java:289)
	at org.testng.SuiteRunnerWorker.runSuite(SuiteRunnerWorker.java:52)
	at org.testng.SuiteRunnerWorker.run(SuiteRunnerWorker.java:86)
	at org.testng.TestNG.runSuitesSequentially(TestNG.java:1301)
	at org.testng.TestNG.runSuitesLocally(TestNG.java:1226)
	at org.testng.TestNG.runSuites(TestNG.java:1144)
	at org.testng.TestNG.run(TestNG.java:1115)
	at org.apache.maven.surefire.testng.TestNGExecutor.run(TestNGExecutor.java:281)
	at org.apache.maven.surefire.testng.TestNGXmlTestSuite.execute(TestNGXmlTestSuite.java:75)
	at org.apache.maven.surefire.testng.TestNGProvider.invoke(TestNGProvider.java:121)
	at org.apache.maven.surefire.booter.ForkedBooter.invokeProviderInSameClassLoader(ForkedBooter.java:290)
	at org.apache.maven.surefire.booter.ForkedBooter.runSuitesInProcess(ForkedBooter.java:242)
	at org.apache.maven.surefire.booter.ForkedBooter.main(ForkedBooter.java:121)
]]>
            </full-stacktrace>
          </exception> <!-- org.openqa.selenium.NoSuchElementException -->
          <reporter-output>
          </reporter-output>
        </test-method> <!-- checkUserLoginIsSuccessful -->
        <test-method status="PASS" signature="openRestaurantsPage()[pri:9, instance:smoke.MakeReservation@5ebec15]" name="openRestaurantsPage" duration-ms="489" started-at="2019-09-19T14:24:23Z" finished-at="2019-09-19T14:24:24Z">
          <reporter-output>
          </reporter-output>
        </test-method> <!-- openRestaurantsPage -->
        <test-method status="PASS" signature="tearDown()[pri:0, instance:smoke.MakeReservation@5ebec15]" name="tearDown" is-config="true" duration-ms="608" started-at="2019-09-19T14:24:24Z" finished-at="2019-09-19T14:24:25Z">
          <reporter-output>
          </reporter-output>
        </test-method> <!-- tearDown -->
      </class> <!-- smoke.MakeReservation -->
    </test> <!-- Make Reservation -->
  </suite> <!-- Smoke test -->
</testng-results>
